[10 sep 2012 17:34:16] Building database metadata model
[10 sep 2012 17:34:16] Properties: {partialRefresh=true, processColumnsUsingSelect=, outputPath=D:\universidad\quinto\PFC\workspaceWebratio\SecureRun\.Temp~\DB.xml, schemaRegex=null, readProcedures=null, includeViews=true, derby.system.home=D:\universidad\quinto\PFC\workspaceWebratio\.metadata\.plugins\com.webratio.commons.db\derby, includePrimaryKeys=true, url=jdbc:postgresql://localhost:5432/SecureRun, eventSocketClient=com.webratio.commons.net.EventSocketClient@763ed81c, includeTables=true, username=postgres, tableRegex=null, outputLogPath=D:\universidad\quinto\PFC\workspaceWebratio\SecureRun\.Temp~\DB.xml.log, includeForeignKeys=false, retrieveAllNames=false, readIndexes=null, driverClass=org.postgresql.Driver, tablesToRefresh=public.profile, eventSocketPort=50439, includeSynonyms=true, metaDataProviderClass=com.webratio.commons.db.metadata.PostgreSQLMetaDataProvider}
[10 sep 2012 17:34:16] URL: jdbc:postgresql://localhost:5432/SecureRun
[10 sep 2012 17:34:16] Product name: PostgreSQL
[10 sep 2012 17:34:16] Product version: 8.4.4
[10 sep 2012 17:34:16] Driver name: PostgreSQL Native Driver
[10 sep 2012 17:34:16] Driver version: PostgreSQL 8.4 JDBC4 (build 702)
[10 sep 2012 17:34:16] Driver major version: 8
[10 sep 2012 17:34:16] Driver minor version: 4
[10 sep 2012 17:34:16] Identifier quote string: 4
[10 sep 2012 17:34:16] Retrieving schemas
[10 sep 2012 17:34:16]   Found schema: information_schema
[10 sep 2012 17:34:16]   Found schema: pg_catalog
[10 sep 2012 17:34:16]   Found schema: pg_toast_temp_1
[10 sep 2012 17:34:16]   Found schema: public
[10 sep 2012 17:34:16] Retrieving sequences
[10 sep 2012 17:34:16] Retrieving [TABLE, VIEW, SYNONYM] for schema 'information_schema'
[10 sep 2012 17:34:16] Retrieving [TABLE, VIEW, SYNONYM] for schema 'pg_catalog'
[10 sep 2012 17:34:16] Retrieving [TABLE, VIEW, SYNONYM] for schema 'pg_toast_temp_1'
[10 sep 2012 17:34:16] Retrieving [TABLE, VIEW, SYNONYM] for schema 'public'
[10 sep 2012 17:34:16]   Found 'profile' [type = TABLE]
[10 sep 2012 17:34:16] Retrieving columns for 'profile' [type = TABLE]
[10 sep 2012 17:34:16]   Found column: oid [type = int4][SQL/XOPEN type = 4][size = 10][dec. digits = 0]
[10 sep 2012 17:34:16]   Found column: name [type = varchar][SQL/XOPEN type = 12][size = 255][dec. digits = 0]
[10 sep 2012 17:34:16]   Found column: beep [type = varchar][SQL/XOPEN type = 12][size = 255][dec. digits = 0]
[10 sep 2012 17:34:16]   Found column: vibration [type = varchar][SQL/XOPEN type = 12][size = 255][dec. digits = 0]
[10 sep 2012 17:34:16]   Found column: notification [type = varchar][SQL/XOPEN type = 12][size = 255][dec. digits = 0]
[10 sep 2012 17:34:16]   Found column: number [type = varchar][SQL/XOPEN type = 12][size = 255][dec. digits = 0]
[10 sep 2012 17:34:16]   Found column: timeout [type = varchar][SQL/XOPEN type = 12][size = 255][dec. digits = 0]
[10 sep 2012 17:34:16]   Found column: beep_times [type = varchar][SQL/XOPEN type = 12][size = 255][dec. digits = 0]
[10 sep 2012 17:34:16]   Found column: user_oid [type = int4][SQL/XOPEN type = 4][size = 10][dec. digits = 0]
[10 sep 2012 17:34:16]   Found column: beep_2 [type = bool][SQL/XOPEN type = -7][size = 1][dec. digits = 0]
[10 sep 2012 17:34:16]   Found column: vibration_2 [type = bool][SQL/XOPEN type = -7][size = 1][dec. digits = 0]
[10 sep 2012 17:34:16]   Found column: notification_2 [type = bool][SQL/XOPEN type = -7][size = 1][dec. digits = 0]
[10 sep 2012 17:34:16]   Found column: timeout_2 [type = int4][SQL/XOPEN type = 4][size = 10][dec. digits = 0]
[10 sep 2012 17:34:16]   Found column: beep_times_2 [type = int4][SQL/XOPEN type = 4][size = 10][dec. digits = 0]
[10 sep 2012 17:34:16] Retrieving primary keys for 'profile' [type = TABLE]
[10 sep 2012 17:34:16]   Found primary key column: oid
[10 sep 2012 17:34:16] Database connection closed
